  main.cpp
c:\users\tomoya\documents\github\simple_volpath_mesh\src\bvh.h(22): warning C4305: '=': 'const double' から 'float' へ切り詰めます。
c:\users\tomoya\documents\github\simple_volpath_mesh\src\bvh.h(23): warning C4305: '=': 'const double' から 'float' へ切り詰めます。
c:\users\tomoya\documents\github\simple_volpath_mesh\src\bvh.h(84): warning C4244: '引数': 'const double' から 'const float' への変換です。データが失われる可能性があります。
c:\users\tomoya\documents\github\simple_volpath_mesh\src\bvh.h(87): warning C4018: '<=': signed と unsigned の数値を比較しようとしました。
c:\users\tomoya\documents\github\simple_volpath_mesh\src\move.h(14): warning C4244: '=': 'const double' から 'float' への変換です。データが失われる可能性があります。
c:\users\tomoya\documents\github\simple_volpath_mesh\src\move.h(15): warning C4244: '=': 'const double' から 'float' への変換です。データが失われる可能性があります。
c:\users\tomoya\documents\github\simple_volpath_mesh\src\move.h(16): warning C4244: '=': 'const double' から 'float' への変換です。データが失われる可能性があります。
c:\users\tomoya\documents\github\simple_volpath_mesh\src\move.h(17): warning C4244: '=': 'const double' から 'float' への変換です。データが失われる可能性があります。
c:\users\tomoya\documents\github\simple_volpath_mesh\src\move.h(18): warning C4244: '=': 'const double' から 'float' への変換です。データが失われる可能性があります。
c:\users\tomoya\documents\github\simple_volpath_mesh\src\move.h(19): warning C4244: '=': 'const double' から 'float' への変換です。データが失われる可能性があります。
..\..\src\main.cpp(49): warning C4018: '<': signed と unsigned の数値を比較しようとしました。
..\..\src\main.cpp(246): warning C4244: 'return': 'double' から 'float' への変換です。データが失われる可能性があります。
..\..\src\main.cpp(269): warning C4244: 'return': 'double' から 'float' への変換です。データが失われる可能性があります。
..\..\src\main.cpp(721): warning C4018: '<': signed と unsigned の数値を比較しようとしました。
..\..\src\main.cpp(724): warning C4018: '<': signed と unsigned の数値を比較しようとしました。
..\..\src\main.cpp(766): warning C4244: '=': 'const double' から 'float' への変換です。データが失われる可能性があります。
..\..\src\main.cpp(767): warning C4244: '=': 'const double' から 'float' への変換です。データが失われる可能性があります。
..\..\src\main.cpp(768): warning C4244: '=': 'const double' から 'float' への変換です。データが失われる可能性があります。
..\..\src\main.cpp(769): warning C4244: '=': 'const double' から 'float' への変換です。データが失われる可能性があります。
..\..\src\main.cpp(770): warning C4244: '=': 'const double' から 'float' への変換です。データが失われる可能性があります。
..\..\src\main.cpp(771): warning C4244: '=': 'const double' から 'float' への変換です。データが失われる可能性があります。
..\..\src\main.cpp(840): warning C4018: '<': signed と unsigned の数値を比較しようとしました。
..\..\src\main.cpp(889): warning C4018: '<': signed と unsigned の数値を比較しようとしました。
..\..\src\main.cpp(894): warning C4018: '<': signed と unsigned の数値を比較しようとしました。
..\..\src\main.cpp(895): warning C4018: '<': signed と unsigned の数値を比較しようとしました。
  コード生成しています。
  99 of 2540 functions ( 3.9%) were compiled, the rest were copied from previous compilation.
    62 functions were new in current compilation
    1 functions had inline decision re-evaluated but remain unchanged
  コード生成が終了しました。
  Simple_Volpath_mesh.vcxproj -> C:\Users\tomoya\Documents\GitHub\Simple_Volpath_mesh\Simple_Volpath_mesh\Release\Simple_Volpath_mesh.exe
