  main.cpp
c:\users\tomoya\documents\github\simple_volpath_mesh\src\bvh.h(27): warning C4305: '=': 'const double' から 'float' へ切り詰めます。
c:\users\tomoya\documents\github\simple_volpath_mesh\src\bvh.h(28): warning C4305: '=': 'const double' から 'float' へ切り詰めます。
c:\users\tomoya\documents\github\simple_volpath_mesh\src\bvh.h(101): warning C4244: '引数': 'const double' から 'const float' への変換です。データが失われる可能性があります。
c:\users\tomoya\documents\github\simple_volpath_mesh\src\bvh.h(117): warning C4267: '初期化中': 'size_t' から 'int' に変換しました。データが失われているかもしれません。
..\src\main.cpp(66): warning C4267: '初期化中': 'size_t' から 'int' に変換しました。データが失われているかもしれません。
..\src\main.cpp(66): warning C4267: '初期化中': 'size_t' から 'const int' に変換しました。データが失われているかもしれません。
..\src\main.cpp(545): warning C4267: '初期化中': 'size_t' から 'int' に変換しました。データが失われているかもしれません。
..\src\main.cpp(596): warning C4244: '=': 'const double' から 'float' への変換です。データが失われる可能性があります。
..\src\main.cpp(597): warning C4244: '=': 'const double' から 'float' への変換です。データが失われる可能性があります。
..\src\main.cpp(598): warning C4244: '=': 'const double' から 'float' への変換です。データが失われる可能性があります。
..\src\main.cpp(599): warning C4244: '=': 'const double' から 'float' への変換です。データが失われる可能性があります。
..\src\main.cpp(600): warning C4244: '=': 'const double' から 'float' への変換です。データが失われる可能性があります。
..\src\main.cpp(601): warning C4244: '=': 'const double' から 'float' への変換です。データが失われる可能性があります。
  コード生成しています。
  9 of 2034 functions ( 0.4%) were compiled, the rest were copied from previous compilation.
    3 functions were new in current compilation
    28 functions had inline decision re-evaluated but remain unchanged
  コード生成が終了しました。
  Simple_Volpath_mesh.vcxproj -> C:\Users\tomoya\Documents\GitHub\Simple_Volpath_mesh\x64\Release\Simple_Volpath_mesh.exe
